2024-07-10T17:02:42+00:00 DEBUG POST: https://ads.tiktok.com/marketing_api/api/developer/app/create_auto_approve/

{"business_platform":"PROD","smb_id":"tt4b_woocommerce_668ebeb27be29httplocalhostaqualitywp-admin","smb_name":"PROD","redirect_url":"http:\/\/localhost\/aquality\/wp-admin\/"}
 ajax: no
2024-07-10T17:02:43+00:00 DEBUG Tt4b_Mapi_Class::create_open_source_app: Response: 

HTTP/1.1 200 OK
Content-Type: application/json
X-Tt-Logid: 202407101702452D121A78DAFA5C79EC0B,202407101702452D121A78DAFA5C79EC0B
Strict-Transport-Security: max-age=31536000; includeSubDomains
Server-Timing: inner; dur=79
x-tt-trace-host: 016c6b4ae931517a065538402306ef6e344ded367fc9fb00d2a3b970e8fa2fa1489d72ecfa8c4279eaa0c74089098e417e3ea7ec140f0023c04d4cb93751a7d634e048a8e2f205bf32957a4af3107b13065ff7a12dc331f7f9378383ef4266672c
x-tt-trace-id: 00-2407101702452D121A78DAFA5C79EC0B-453737BF7E17A7E0-00
Server: TLB
Content-Encoding: gzip
Date: Wed, 10 Jul 2024 17:02:46 GMT
Content-Length: 206
X-Cache: TCP_MISS from a114-10-2-229.deploy.akamaitechnologies.com (AkamaiGHost/11.5.3-56943929) (-)
Connection: close
Vary: Accept-Encoding
x-tt-trace-tag: id=16;cdn-cache=miss;type=dyn
Server-Timing: cdn-cache; desc=MISS, edge; dur=3, origin; dur=151
X-Origin-Response-Time: 152,114.10.2.229
X-Akamai-Request-ID: 5d22d37a

{"code":0,"msg":"ok","data":{"app_id":"7390053727861899280","app_secret":"e08942ee71d1e74c4062cbd57106c3ba0be260c3","external_data_key":"ba3844a3-8652-4c66-a945-7ea81d5c0dc7","redirect_uri":"http:\/\/localhost\/aquality\/wp-admin\/"}}

2024-07-10T17:32:21+00:00 DEBUG Tt4b_Pixel_Class::inject_view_content_event: hit ViewContent
2024-07-10T17:32:21+00:00 DEBUG Tt4b_Pixel_Class::inject_view_content_event: Missing option "access_token"
2024-07-10T17:36:05+00:00 DEBUG Tt4b_Pixel_Class::inject_view_content_event: hit ViewContent
2024-07-10T17:36:05+00:00 DEBUG Tt4b_Pixel_Class::inject_view_content_event: Missing option "access_token"
2024-07-10T17:36:46+00:00 DEBUG Tt4b_Pixel_Class::inject_view_content_event: hit ViewContent
2024-07-10T17:36:46+00:00 DEBUG Tt4b_Pixel_Class::inject_view_content_event: Missing option "access_token"
2024-07-10T17:39:53+00:00 DEBUG Tt4b_Pixel_Class::inject_view_content_event: hit ViewContent
2024-07-10T17:39:53+00:00 DEBUG Tt4b_Pixel_Class::inject_view_content_event: Missing option "access_token"
2024-07-10T17:42:24+00:00 DEBUG Tt4b_Pixel_Class::inject_view_content_event: hit ViewContent
2024-07-10T17:42:24+00:00 DEBUG Tt4b_Pixel_Class::inject_view_content_event: Missing option "access_token"
2024-07-10T17:45:46+00:00 DEBUG Tt4b_Pixel_Class::inject_view_content_event: hit ViewContent
2024-07-10T17:45:46+00:00 DEBUG Tt4b_Pixel_Class::inject_view_content_event: Missing option "access_token"
2024-07-10T18:03:50+00:00 DEBUG Tt4b_Pixel_Class::inject_add_to_cart_event: hit AddToCart
2024-07-10T18:03:50+00:00 DEBUG Tt4b_Pixel_Class::inject_add_to_cart_event: Missing option "access_token"
2024-07-10T18:03:58+00:00 DEBUG Tt4b_Pixel_Class::inject_initiate_checkout_event: hit InitiateCheckout
2024-07-10T18:03:58+00:00 DEBUG Tt4b_Pixel_Class::inject_initiate_checkout_event: Missing option "access_token"
2024-07-10T18:05:18+00:00 DEBUG Tt4b_Pixel_Class::inject_initiate_checkout_event: hit InitiateCheckout
2024-07-10T18:05:18+00:00 DEBUG Tt4b_Pixel_Class::inject_initiate_checkout_event: Missing option "access_token"
2024-07-10T18:06:19+00:00 DEBUG Tt4b_Pixel_Class::inject_initiate_checkout_event: hit InitiateCheckout
2024-07-10T18:06:19+00:00 DEBUG Tt4b_Pixel_Class::inject_initiate_checkout_event: Missing option "access_token"
2024-07-10T18:07:19+00:00 DEBUG Tt4b_Pixel_Class::inject_initiate_checkout_event: hit InitiateCheckout
2024-07-10T18:07:19+00:00 DEBUG Tt4b_Pixel_Class::inject_initiate_checkout_event: Missing option "access_token"
2024-07-10T18:08:19+00:00 DEBUG Tt4b_Pixel_Class::inject_initiate_checkout_event: hit InitiateCheckout
2024-07-10T18:08:19+00:00 DEBUG Tt4b_Pixel_Class::inject_initiate_checkout_event: Missing option "access_token"
2024-07-10T18:37:51+00:00 DEBUG Tt4b_Pixel_Class::inject_initiate_checkout_event: hit InitiateCheckout
2024-07-10T18:37:51+00:00 DEBUG Tt4b_Pixel_Class::inject_initiate_checkout_event: Missing option "access_token"
2024-07-10T18:50:16+00:00 DEBUG POST: https://business-api.tiktok.com/tbp/v2.0/business_profile/disconnect?external_data=

{"business_platform":"WOO_COMMERCE","external_business_id":"tt4b_woocommerce_668ebeb27be29"}
 ajax: no
2024-07-10T18:50:17+00:00 DEBUG Tt4b_Mapi_Class::tbp_post: Response: 

HTTP/1.1 200 OK
Content-Type: application/json; charset=utf-8
Content-Length: 95
X-Api-Deprecation-Info: API for Business Version 1.3 is now live. To avoid disruption to your business, we recommend you migrate all calls to v1.3 as soon as possible. Please visit our migration guide for more details: https://ads.tiktok.com/marketing_api/docs?id=1740029169927169
X-Domain-Change-Info: We have moved to the new domain business-api.tiktok.com for API services after the Platform Upgrade on 09/30/2021. Please update all of your requests with the new domain if you haven't done so already. For more information, please visit https://ads.tiktok.com/marketing_api/docs?rid=esb88xalm6m&id=1709207085043713
X-Tt-Logid: 20240710185019AD22A9F7C5814780B986
x-tt-trace-host: 01857806c321adb8bbb1481ae269c05ff583948bb10ae7161000f1cc547eb22ec22d28838661668e218b6e66a088c4a37981755b00c89422b1eca766cf61bd10f8e4a1a34575672881cf930218309fa44200e17162bef3ca8e4dbe1167d1dc0380c2921c130375ab9c298dd5b306afa8cf
x-tt-trace-id: 00-240710185019AD22A9F7C5814780B986-2509026767F22049-00
Server: TLB
X-Origin-Response-Time: 16,23.47.190.52
X-Akamai-Request-ID: 45b89c.190cd933
Expires: Wed, 10 Jul 2024 18:50:20 GMT
Cache-Control: max-age=0, no-cache, no-store
Pragma: no-cache
Date: Wed, 10 Jul 2024 18:50:20 GMT
X-Cache: TCP_MISS from a23-210-250-135.deploy.akamaitechnologies.com (AkamaiGHost/11.5.4.1-57528572) (-)
Connection: close
X-Cache-Remote: TCP_MISS from a23-47-190-52.deploy.akamaitechnologies.com (AkamaiGHost/11.5.4.1-57528572) (-)
x-tt-trace-tag: id=16;cdn-cache=miss;type=dyn
Server-Timing: cdn-cache; desc=MISS, edge; dur=2, origin; dur=16
Server-Timing: inner; dur=11
X-Parent-Response-Time: 18,23.210.250.135

{"code":40001,"message":"Permission denied.","request_id":"20240710185019AD22A9F7C5814780B986"}

2024-07-10T18:50:17+00:00 DEBUG POST: https://business-api.tiktok.com/tbp/v2.0/shop/connection/disconnect?external_data=

--- EMPTY STRING ---
 ajax: no
2024-07-10T18:50:17+00:00 DEBUG Tt4b_Mapi_Class::tts_shop_disconnect: Response: 

HTTP/1.1 200 OK
Content-Type: application/json; charset=utf-8
Content-Length: 95
X-Api-Deprecation-Info: API for Business Version 1.3 is now live. To avoid disruption to your business, we recommend you migrate all calls to v1.3 as soon as possible. Please visit our migration guide for more details: https://ads.tiktok.com/marketing_api/docs?id=1740029169927169
X-Domain-Change-Info: We have moved to the new domain business-api.tiktok.com for API services after the Platform Upgrade on 09/30/2021. Please update all of your requests with the new domain if you haven't done so already. For more information, please visit https://ads.tiktok.com/marketing_api/docs?rid=esb88xalm6m&id=1709207085043713
X-Tt-Logid: 20240710185019E19CE311AA99FA81EEC9
x-tt-trace-host: 01857806c321adb8bbb1481ae269c05ff583948bb10ae7161000f1cc547eb22ec2915ee63144b54384ec1cc1fab4ca8994b05bb8cb09cb705e4af4710412ce5f4f679cbf45df8e1dbb0fab2aa78202a6ccfea5d8ba14d9f640647958da1fddbdf8e1bc36e4cf577a068a20c604bd1ccefa
x-tt-trace-id: 00-240710185019E19CE311AA99FA81EEC9-35755A483BCBFCE4-00
Server: TLB
X-Origin-Response-Time: 16,23.52.171.109
X-Akamai-Request-ID: 2ca263f.190cdab2
Expires: Wed, 10 Jul 2024 18:50:20 GMT
Cache-Control: max-age=0, no-cache, no-store
Pragma: no-cache
Date: Wed, 10 Jul 2024 18:50:20 GMT
X-Cache: TCP_MISS from a23-210-250-135.deploy.akamaitechnologies.com (AkamaiGHost/11.5.4.1-57528572) (-)
Connection: close
X-Cache-Remote: TCP_MISS from a23-52-171-109.deploy.akamaitechnologies.com (AkamaiGHost/11.5.4.1-57528572) (-)
x-tt-trace-tag: id=16;cdn-cache=miss;type=dyn
Server-Timing: cdn-cache; desc=MISS, edge; dur=2, origin; dur=16
Server-Timing: inner; dur=11
X-Parent-Response-Time: 18,23.210.250.135

{"code":40001,"message":"Permission denied.","request_id":"20240710185019E19CE311AA99FA81EEC9"}

