2024-07-10T18:20:31+00:00 INFO Tracks event: wcpay_account_connect_start with data: {"incentive":"wcpay-promo-2023-action-discount","mode":"test","is_test_mode":true,"jetpack_connected":false,"wcpay_version":"7.9.0","woo_country_code":"(redacted)"}
2024-07-10T18:20:31+00:00 INFO Tracks event: wcpay_account_connect_wpcom_connection_start with data: {"is_test_mode":true,"jetpack_connected":false,"wcpay_version":"7.9.0","woo_country_code":"(redacted)"}
2024-07-10T18:20:32+00:00 INFO Tracks event: wcpay_account_connect_wpcom_connection_start with data: {"is_test_mode":true,"jetpack_connected":false,"wcpay_version":"7.9.0","woo_country_code":"(redacted)"}
2024-07-10T18:22:21+00:00 INFO Tracks event: wcpay_account_connect_start with data: {"incentive":"wcpay-promo-2023-action-discount","mode":"test","is_test_mode":true,"jetpack_connected":false,"wcpay_version":"7.9.0","woo_country_code":"(redacted)"}
2024-07-10T18:22:21+00:00 INFO Tracks event: wcpay_account_connect_wpcom_connection_start with data: {"is_test_mode":true,"jetpack_connected":false,"wcpay_version":"7.9.0","woo_country_code":"(redacted)"}
2024-07-10T18:22:37+00:00 INFO Tracks event: wcpay_account_connect_start with data: {"incentive":"wcpay-promo-2023-action-discount","mode":"test","is_test_mode":true,"jetpack_connected":false,"wcpay_version":"7.9.0","woo_country_code":"(redacted)"}
2024-07-10T18:22:37+00:00 INFO Tracks event: wcpay_account_connect_wpcom_connection_start with data: {"is_test_mode":true,"jetpack_connected":false,"wcpay_version":"7.9.0","woo_country_code":"(redacted)"}
2024-07-10T18:24:02+00:00 INFO ENVIRONMENT: array (
  'WP_User' => 'Aquality',
  'HTTP_REFERER' => 'http://localhost/aquality/wp-admin/admin.php?page=wc-settings&tab=checkout',
  'HTTP_USER_AGENT' => 'Mozilla/5.0 (Windows NT 10.0; Win64; x64) AppleWebKit/537.36 (KHTML, like Gecko) Chrome/126.0.0.0 Safari/537.36',
  'REQUEST_URI' => '/aquality/index.php?rest_route=wcv3paymentssettings&_locale=user',
  'DOING_AJAX' => false,
  'DOING_CRON' => false,
  'WP_CLI' => false,
)
2024-07-10T18:24:02+00:00 INFO REQUEST GET https://public-api.wordpress.com/wpcom/v2/sites/%s/wcpay/fraud_ruleset?test_mode=1
2024-07-10T18:24:02+00:00 INFO HEADERS: array (
  'Content-Type' => 'application/json; charset=utf-8',
  'User-Agent' => 'WooCommerce Payments/7.9.0',
)
2024-07-10T18:24:02+00:00 INFO HTTP_REQUEST_ERROR Site is not connected to WordPress.com
2024-07-10T18:24:15+00:00 INFO Tracks event: wcpay_account_connect_start with data: {"incentive":"wcpay-promo-2023-action-discount","mode":"test","is_test_mode":true,"jetpack_connected":false,"wcpay_version":"7.9.0","woo_country_code":"(redacted)"}
2024-07-10T18:24:15+00:00 INFO Tracks event: wcpay_account_connect_wpcom_connection_start with data: {"is_test_mode":true,"jetpack_connected":false,"wcpay_version":"7.9.0","woo_country_code":"(redacted)"}
2024-07-10T18:32:07+00:00 INFO Tracks event: wcpay_account_connect_start with data: {"incentive":"wcpay-promo-2023-action-discount","mode":"test","is_test_mode":true,"jetpack_connected":false,"wcpay_version":"7.9.0","woo_country_code":"(redacted)"}
2024-07-10T18:32:07+00:00 INFO Tracks event: wcpay_account_connect_wpcom_connection_start with data: {"is_test_mode":true,"jetpack_connected":false,"wcpay_version":"7.9.0","woo_country_code":"(redacted)"}
2024-07-10T18:33:19+00:00 INFO Tracks event: wcpay_account_connect_start with data: {"incentive":"wcpay-promo-2023-action-discount","mode":"test","is_test_mode":true,"jetpack_connected":false,"wcpay_version":"7.9.0","woo_country_code":"(redacted)"}
2024-07-10T18:33:19+00:00 INFO Tracks event: wcpay_account_connect_wpcom_connection_start with data: {"is_test_mode":true,"jetpack_connected":false,"wcpay_version":"7.9.0","woo_country_code":"(redacted)"}
2024-07-10T18:34:56+00:00 INFO Tracks event: wcpay_account_connect_start with data: {"incentive":"wcpay-promo-2023-action-discount","mode":"test","is_test_mode":true,"jetpack_connected":false,"wcpay_version":"7.9.0","woo_country_code":"(redacted)"}
2024-07-10T18:34:56+00:00 INFO Tracks event: wcpay_account_connect_wpcom_connection_start with data: {"is_test_mode":true,"jetpack_connected":false,"wcpay_version":"7.9.0","woo_country_code":"(redacted)"}
2024-07-10T18:35:11+00:00 INFO Tracks event: wcpay_account_connect_start with data: {"incentive":"wcpay-promo-2023-action-discount","mode":"test","is_test_mode":true,"jetpack_connected":false,"wcpay_version":"7.9.0","woo_country_code":"(redacted)"}
2024-07-10T18:35:11+00:00 INFO Tracks event: wcpay_account_connect_wpcom_connection_start with data: {"is_test_mode":true,"jetpack_connected":false,"wcpay_version":"7.9.0","woo_country_code":"(redacted)"}
2024-07-10T18:35:13+00:00 INFO Tracks event: wcpay_account_connect_wpcom_connection_start with data: {"is_test_mode":true,"jetpack_connected":false,"wcpay_version":"7.9.0","woo_country_code":"(redacted)"}
2024-07-10T18:35:21+00:00 INFO Tracks event: wcpay_account_connect_start with data: {"incentive":"wcpay-promo-2023-action-discount","mode":"test","is_test_mode":true,"jetpack_connected":false,"wcpay_version":"7.9.0","woo_country_code":"(redacted)"}
2024-07-10T18:35:21+00:00 INFO Tracks event: wcpay_account_connect_wpcom_connection_start with data: {"is_test_mode":true,"jetpack_connected":false,"wcpay_version":"7.9.0","woo_country_code":"(redacted)"}
2024-07-10T18:43:24+00:00 INFO Tracks event: wcpay_account_connect_start with data: {"incentive":"wcpay-promo-2023-action-discount","mode":"test","is_test_mode":true,"jetpack_connected":false,"wcpay_version":"7.9.0","woo_country_code":"(redacted)"}
2024-07-10T18:43:24+00:00 INFO Tracks event: wcpay_account_connect_wpcom_connection_start with data: {"is_test_mode":true,"jetpack_connected":false,"wcpay_version":"7.9.0","woo_country_code":"(redacted)"}
2024-07-10T18:45:30+00:00 INFO Tracks event: wcpay_account_connect_start with data: {"incentive":"wcpay-promo-2023-action-discount","mode":"test","is_test_mode":true,"jetpack_connected":false,"wcpay_version":"7.9.0","woo_country_code":"(redacted)"}
2024-07-10T18:45:30+00:00 INFO Tracks event: wcpay_account_connect_wpcom_connection_start with data: {"is_test_mode":true,"jetpack_connected":false,"wcpay_version":"7.9.0","woo_country_code":"(redacted)"}
2024-07-10T18:47:27+00:00 INFO Tracks event: wcpay_account_connect_start with data: {"incentive":"wcpay-promo-2023-action-discount","mode":"test","is_test_mode":true,"jetpack_connected":false,"wcpay_version":"7.9.0","woo_country_code":"(redacted)"}
2024-07-10T18:47:27+00:00 INFO Tracks event: wcpay_account_connect_wpcom_connection_start with data: {"is_test_mode":true,"jetpack_connected":false,"wcpay_version":"7.9.0","woo_country_code":"(redacted)"}
2024-07-10T18:51:43+00:00 INFO Tracks event: wcpay_account_connect_start with data: {"incentive":"wcpay-promo-2023-action-discount","mode":"test","is_test_mode":true,"jetpack_connected":false,"wcpay_version":"7.9.0","woo_country_code":"(redacted)"}
2024-07-10T18:51:43+00:00 INFO Tracks event: wcpay_account_connect_wpcom_connection_start with data: {"is_test_mode":true,"jetpack_connected":false,"wcpay_version":"7.9.0","woo_country_code":"(redacted)"}
2024-07-10T19:26:35+00:00 INFO Tracks event: wcpay_account_connect_start with data: {"incentive":"wcpay-promo-2023-action-discount","mode":"test","is_test_mode":true,"jetpack_connected":false,"wcpay_version":"7.9.0","woo_country_code":"(redacted)"}
2024-07-10T19:26:35+00:00 INFO Tracks event: wcpay_account_connect_wpcom_connection_start with data: {"is_test_mode":true,"jetpack_connected":false,"wcpay_version":"7.9.0","woo_country_code":"(redacted)"}
2024-07-10T19:26:37+00:00 INFO Tracks event: wcpay_account_connect_wpcom_connection_start with data: {"is_test_mode":true,"jetpack_connected":false,"wcpay_version":"7.9.0","woo_country_code":"(redacted)"}
